#
# A fatal error has been detected by the Java Runtime Environment:
#
#  Internal Error (javaCalls.cpp:51), pid=17224, tid=0x0000000000005054
#  guarantee(thread->is_Java_thread()) failed: crucial check - the VM thread cannot and must not escape to Java code
#
# JRE version: Java(TM) SE Runtime Environment (8.0_271-b09) (build 1.8.0_271-b09)
# Java VM: Java HotSpot(TM) 64-Bit Server VM (25.271-b09 mixed mode windows-amd64 compressed oops)
# Failed to write core dump. Minidumps are not enabled by default on client versions of Windows
#
# If you would like to submit a bug report, please visit:
#   http://bugreport.java.com/bugreport/crash.jsp
#

---------------  T H R E A D  ---------------

Current thread (0x000001fe7512c800):  VMThread [stack: 0x0000001401000000,0x0000001401100000] [id=20564]

Stack: [0x0000001401000000,0x0000001401100000]
Native frames: (J=compiled Java code, j=interpreted, Vv=VM code, C=native code)
V  [jvm.dll+0x33f6c9]
V  [jvm.dll+0x286122]
V  [jvm.dll+0x286dcd]
V  [jvm.dll+0x27d787]
V  [jvm.dll+0x21b9fd]
V  [jvm.dll+0x21c047]
V  [jvm.dll+0x33f5e2]
V  [jvm.dll+0x21c671]
V  [jvm.dll+0x27e9d5]
V  [jvm.dll+0x27ec1d]
V  [jvm.dll+0x27ed69]
V  [jvm.dll+0x11b2e8]
V  [jvm.dll+0x11a6b9]
V  [jvm.dll+0x117bcb]
V  [jvm.dll+0x11957e]
V  [jvm.dll+0x116bea]
V  [jvm.dll+0x115d7a]
V  [jvm.dll+0xdd69b]
V  [jvm.dll+0xde133]
V  [jvm.dll+0x122b84]
V  [jvm.dll+0x145e40]
V  [jvm.dll+0x1c9df1]
V  [jvm.dll+0x256557]
V  [jvm.dll+0x254cc5]
V  [jvm.dll+0x25543c]
V  [jvm.dll+0x25574c]
V  [jvm.dll+0x2a2dcc]
C  [ucrtbase.dll+0x210b2]
C  [KERNEL32.DLL+0x17c24]
C  [ntdll.dll+0x6cea1]

VM_Operation (0x00000014015ff100): GetOrSetLocal, mode: safepoint, requested by thread 0x000001fe751b0000


---------------  P R O C E S S  ---------------

Java Threads: ( => current thread )
  0x000001fe7747e800 JavaThread "HikariPool-1 housekeeper" daemon [_thread_blocked, id=1764, stack(0x0000001402100000,0x0000001402200000)]
  0x000001fe77483000 JavaThread "mysql-cj-abandoned-connection-cleanup" daemon [_thread_blocked, id=17788, stack(0x0000001401f00000,0x0000001402000000)]
  0x000001fe77dcf000 JavaThread "ReaderThread" [_thread_in_native, id=12108, stack(0x0000001401e00000,0x0000001401f00000)]
  0x000001fe778da800 JavaThread "Service Thread" daemon [_thread_blocked, id=8780, stack(0x0000001401c00000,0x0000001401d00000)]
  0x000001fe77853000 JavaThread "C1 CompilerThread3" daemon [_thread_blocked, id=22448, stack(0x0000001401b00000,0x0000001401c00000)]
  0x000001fe77852000 JavaThread "C2 CompilerThread2" daemon [_thread_blocked, id=17048, stack(0x0000001401a00000,0x0000001401b00000)]
  0x000001fe77851800 JavaThread "C2 CompilerThread1" daemon [_thread_blocked, id=24748, stack(0x0000001401900000,0x0000001401a00000)]
  0x000001fe77850800 JavaThread "C2 CompilerThread0" daemon [_thread_blocked, id=21728, stack(0x0000001401800000,0x0000001401900000)]
  0x000001fe751b6000 JavaThread "JDWP Command Reader" daemon [_thread_in_native, id=4436, stack(0x0000001401700000,0x0000001401800000)]
  0x000001fe751b1000 JavaThread "JDWP Event Helper Thread" daemon [_thread_blocked, id=15232, stack(0x0000001401600000,0x0000001401700000)]
  0x000001fe751b0000 JavaThread "JDWP Transport Listener: dt_socket" daemon [_thread_blocked, id=3244, stack(0x0000001401500000,0x0000001401600000)]
  0x000001fe7518a800 JavaThread "Attach Listener" daemon [_thread_blocked, id=7088, stack(0x0000001401400000,0x0000001401500000)]
  0x000001fe75189800 JavaThread "Signal Dispatcher" daemon [_thread_blocked, id=18816, stack(0x0000001401300000,0x0000001401400000)]
  0x000001fe75168000 JavaThread "Finalizer" daemon [_thread_blocked, id=3476, stack(0x0000001401200000,0x0000001401300000)]
  0x000001fe75138000 JavaThread "Reference Handler" daemon [_thread_blocked, id=25192, stack(0x0000001401100000,0x0000001401200000)]
  0x000001fe5eef7800 JavaThread "main" [_thread_blocked, id=21772, stack(0x0000001400700000,0x0000001400800000)]

Other Threads:
=>0x000001fe7512c800 VMThread [stack: 0x0000001401000000,0x0000001401100000] [id=20564]
  0x000001fe77975000 WatcherThread [stack: 0x0000001401d00000,0x0000001401e00000] [id=17760]

VM state:at safepoint (normal execution)

VM Mutex/Monitor currently owned by a thread:  ([mutex/lock_event])
[0x000001fe5eef5f80] Threads_lock - owner thread: 0x000001fe7512c800

heap address: 0x0000000081c00000, size: 2020 MB, Compressed Oops mode: 32-bit
Narrow klass base: 0x0000000000000000, Narrow klass shift: 3
Compressed class space size: 1073741824 Address: 0x0000000100000000

Heap:
 PSYoungGen      total 260608K, used 48392K [0x00000000d5f00000, 0x00000000e9580000, 0x0000000100000000)
  eden space 245760K, 14% used [0x00000000d5f00000,0x00000000d8294b40,0x00000000e4f00000)
  from space 14848K, 80% used [0x00000000e4f00000,0x00000000e5aad870,0x00000000e5d80000)
  to   space 15872K, 0% used [0x00000000e8600000,0x00000000e8600000,0x00000000e9580000)
 ParOldGen       total 146944K, used 32060K [0x0000000081c00000, 0x000000008ab80000, 0x00000000d5f00000)
  object space 146944K, 21% used [0x0000000081c00000,0x0000000083b4f3f0,0x000000008ab80000)
 Metaspace       used 65221K, capacity 69304K, committed 69656K, reserved 1110016K
  class space    used 8991K, capacity 9664K, committed 9776K, reserved 1048576K

Card table byte_map: [0x000001fe6fd20000,0x000001fe70120000] byte_map_base: 0x000001fe6f912000

Marking Bits: (ParMarkBitMap*) 0x00000000644d7fe0
 Begin Bits: [0x000001fe703d0000, 0x000001fe72360000)
 End Bits:   [0x000001fe72360000, 0x000001fe742f0000)

Polling page: 0x000001fe5f0b0000

CodeCache: size=245760Kb used=18551Kb max_used=18878Kb free=227208Kb
 bounds [0x000001fe60960000, 0x000001fe61c20000, 0x000001fe6f960000]
 total_blobs=6039 nmethods=5473 adapters=486
 compilation: enabled

Compilation events (10 events):
Event: 221.070 Thread 0x000001fe77853000 6161       3       java.lang.Long::stringSize (38 bytes)
Event: 221.070 Thread 0x000001fe77853000 nmethod 6161 0x000001fe612728d0 code [0x000001fe61272a40, 0x000001fe61272c98]
Event: 221.071 Thread 0x000001fe77853000 6162       3       java.lang.Long::getChars (221 bytes)
Event: 221.071 Thread 0x000001fe77853000 nmethod 6162 0x000001fe6110cc90 code [0x000001fe6110ce60, 0x000001fe6110d4f8]
Event: 229.121 Thread 0x000001fe77853000 6163       3       org.springframework.core.annotation.AnnotatedElementUtils$AnnotatedElementForAnnotations::getDeclaredAnnotations (11 bytes)
Event: 229.121 Thread 0x000001fe77853000 nmethod 6163 0x000001fe61005b90 code [0x000001fe61005d00, 0x000001fe61006030]
Event: 229.121 Thread 0x000001fe77853000 6164       3       java.util.concurrent.ConcurrentHashMap$BaseIterator::<init> (21 bytes)
Event: 229.121 Thread 0x000001fe77853000 nmethod 6164 0x000001fe6135c690 code [0x000001fe6135c800, 0x000001fe6135caa0]
Event: 333.377 Thread 0x000001fe77853000 6165       1       sun.misc.URLClassPath$FileLoader$1::getURL (5 bytes)
Event: 333.378 Thread 0x000001fe77853000 nmethod 6165 0x000001fe610058d0 code [0x000001fe61005a20, 0x000001fe61005b38]

GC Heap History (10 events):
Event: 4.876 GC heap before
{Heap before GC invocations=12 (full 2):
 PSYoungGen      total 175104K, used 164352K [0x00000000d5f00000, 0x00000000e4a80000, 0x0000000100000000)
  eden space 164352K, 100% used [0x00000000d5f00000,0x00000000dff80000,0x00000000dff80000)
  from space 10752K, 0% used [0x00000000dff80000,0x00000000dff80000,0x00000000e0a00000)
  to   space 10752K, 0% used [0x00000000e4000000,0x00000000e4000000,0x00000000e4a80000)
 ParOldGen       total 92160K, used 13094K [0x0000000081c00000, 0x0000000087600000, 0x00000000d5f00000)
  object space 92160K, 14% used [0x0000000081c00000,0x00000000828c9818,0x0000000087600000)
 Metaspace       used 43065K, capacity 45480K, committed 45744K, reserved 1089536K
  class space    used 5568K, capacity 5974K, committed 6064K, reserved 1048576K
Event: 4.886 GC heap after
Heap after GC invocations=12 (full 2):
 PSYoungGen      total 211456K, used 10749K [0x00000000d5f00000, 0x00000000e4a80000, 0x0000000100000000)
  eden space 200704K, 0% used [0x00000000d5f00000,0x00000000d5f00000,0x00000000e2300000)
  from space 10752K, 99% used [0x00000000e4000000,0x00000000e4a7f600,0x00000000e4a80000)
  to   space 13312K, 0% used [0x00000000e3080000,0x00000000e3080000,0x00000000e3d80000)
 ParOldGen       total 92160K, used 16435K [0x0000000081c00000, 0x0000000087600000, 0x00000000d5f00000)
  object space 92160K, 17% used [0x0000000081c00000,0x0000000082c0cc28,0x0000000087600000)
 Metaspace       used 43065K, capacity 45480K, committed 45744K, reserved 1089536K
  class space    used 5568K, capacity 5974K, committed 6064K, reserved 1048576K
}
Event: 5.484 GC heap before
{Heap before GC invocations=13 (full 2):
 PSYoungGen      total 211456K, used 211453K [0x00000000d5f00000, 0x00000000e4a80000, 0x0000000100000000)
  eden space 200704K, 100% used [0x00000000d5f00000,0x00000000e2300000,0x00000000e2300000)
  from space 10752K, 99% used [0x00000000e4000000,0x00000000e4a7f600,0x00000000e4a80000)
  to   space 13312K, 0% used [0x00000000e3080000,0x00000000e3080000,0x00000000e3d80000)
 ParOldGen       total 92160K, used 16435K [0x0000000081c00000, 0x0000000087600000, 0x00000000d5f00000)
  object space 92160K, 17% used [0x0000000081c00000,0x0000000082c0cc28,0x0000000087600000)
 Metaspace       used 49586K, capacity 52148K, committed 52272K, reserved 1093632K
  class space    used 6700K, capacity 7148K, committed 7216K, reserved 1048576K
Event: 5.495 GC heap after
Heap after GC invocations=13 (full 2):
 PSYoungGen      total 227840K, used 8891K [0x00000000d5f00000, 0x00000000e6a80000, 0x0000000100000000)
  eden space 214528K, 0% used [0x00000000d5f00000,0x00000000d5f00000,0x00000000e3080000)
  from space 13312K, 66% used [0x00000000e3080000,0x00000000e392ec08,0x00000000e3d80000)
  to   space 13312K, 0% used [0x00000000e5d80000,0x00000000e5d80000,0x00000000e6a80000)
 ParOldGen       total 92160K, used 24877K [0x0000000081c00000, 0x0000000087600000, 0x00000000d5f00000)
  object space 92160K, 26% used [0x0000000081c00000,0x000000008344b7a0,0x0000000087600000)
 Metaspace       used 49586K, capacity 52148K, committed 52272K, reserved 1093632K
  class space    used 6700K, capacity 7148K, committed 7216K, reserved 1048576K
}
Event: 6.072 GC heap before
{Heap before GC invocations=14 (full 2):
 PSYoungGen      total 227840K, used 188305K [0x00000000d5f00000, 0x00000000e6a80000, 0x0000000100000000)
  eden space 214528K, 83% used [0x00000000d5f00000,0x00000000e0e358c8,0x00000000e3080000)
  from space 13312K, 66% used [0x00000000e3080000,0x00000000e392ec08,0x00000000e3d80000)
  to   space 13312K, 0% used [0x00000000e5d80000,0x00000000e5d80000,0x00000000e6a80000)
 ParOldGen       total 92160K, used 24877K [0x0000000081c00000, 0x0000000087600000, 0x00000000d5f00000)
  object space 92160K, 26% used [0x0000000081c00000,0x000000008344b7a0,0x0000000087600000)
 Metaspace       used 56049K, capacity 59076K, committed 59160K, reserved 1099776K
  class space    used 7705K, capacity 8218K, committed 8240K, reserved 1048576K
Event: 6.081 GC heap after
Heap after GC invocations=14 (full 2):
 PSYoungGen      total 259072K, used 12696K [0x00000000d5f00000, 0x00000000e7e80000, 0x0000000100000000)
  eden space 245760K, 0% used [0x00000000d5f00000,0x00000000d5f00000,0x00000000e4f00000)
  from space 13312K, 95% used [0x00000000e5d80000,0x00000000e69e6340,0x00000000e6a80000)
  to   space 14848K, 0% used [0x00000000e4f00000,0x00000000e4f00000,0x00000000e5d80000)
 ParOldGen       total 92160K, used 24885K [0x0000000081c00000, 0x0000000087600000, 0x00000000d5f00000)
  object space 92160K, 27% used [0x0000000081c00000,0x000000008344d7a0,0x0000000087600000)
 Metaspace       used 56049K, capacity 59076K, committed 59160K, reserved 1099776K
  class space    used 7705K, capacity 8218K, committed 8240K, reserved 1048576K
}
Event: 6.081 GC heap before
{Heap before GC invocations=15 (full 3):
 PSYoungGen      total 259072K, used 12696K [0x00000000d5f00000, 0x00000000e7e80000, 0x0000000100000000)
  eden space 245760K, 0% used [0x00000000d5f00000,0x00000000d5f00000,0x00000000e4f00000)
  from space 13312K, 95% used [0x00000000e5d80000,0x00000000e69e6340,0x00000000e6a80000)
  to   space 14848K, 0% used [0x00000000e4f00000,0x00000000e4f00000,0x00000000e5d80000)
 ParOldGen       total 92160K, used 24885K [0x0000000081c00000, 0x0000000087600000, 0x00000000d5f00000)
  object space 92160K, 27% used [0x0000000081c00000,0x000000008344d7a0,0x0000000087600000)
 Metaspace       used 56049K, capacity 59076K, committed 59160K, reserved 1099776K
  class space    used 7705K, capacity 8218K, committed 8240K, reserved 1048576K
Event: 6.237 GC heap after
Heap after GC invocations=15 (full 3):
 PSYoungGen      total 259072K, used 0K [0x00000000d5f00000, 0x00000000e7e80000, 0x0000000100000000)
  eden space 245760K, 0% used [0x00000000d5f00000,0x00000000d5f00000,0x00000000e4f00000)
  from space 13312K, 0% used [0x00000000e5d80000,0x00000000e5d80000,0x00000000e6a80000)
  to   space 14848K, 0% used [0x00000000e4f00000,0x00000000e4f00000,0x00000000e5d80000)
 ParOldGen       total 146944K, used 32052K [0x0000000081c00000, 0x000000008ab80000, 0x00000000d5f00000)
  object space 146944K, 21% used [0x0000000081c00000,0x0000000083b4d3f0,0x000000008ab80000)
 Metaspace       used 56049K, capacity 59076K, committed 59160K, reserved 1099776K
  class space    used 7705K, capacity 8218K, committed 8240K, reserved 1048576K
}
Event: 7.557 GC heap before
{Heap before GC invocations=16 (full 3):
 PSYoungGen      total 259072K, used 245760K [0x00000000d5f00000, 0x00000000e7e80000, 0x0000000100000000)
  eden space 245760K, 100% used [0x00000000d5f00000,0x00000000e4f00000,0x00000000e4f00000)
  from space 13312K, 0% used [0x00000000e5d80000,0x00000000e5d80000,0x00000000e6a80000)
  to   space 14848K, 0% used [0x00000000e4f00000,0x00000000e4f00000,0x00000000e5d80000)
 ParOldGen       total 146944K, used 32052K [0x0000000081c00000, 0x000000008ab80000, 0x00000000d5f00000)
  object space 146944K, 21% used [0x0000000081c00000,0x0000000083b4d3f0,0x000000008ab80000)
 Metaspace       used 64315K, capacity 68256K, committed 68376K, reserved 1107968K
  class space    used 8855K, capacity 9492K, committed 9520K, reserved 1048576K
Event: 7.568 GC heap after
Heap after GC invocations=16 (full 3):
 PSYoungGen      total 260608K, used 11958K [0x00000000d5f00000, 0x00000000e9580000, 0x0000000100000000)
  eden space 245760K, 0% used [0x00000000d5f00000,0x00000000d5f00000,0x00000000e4f00000)
  from space 14848K, 80% used [0x00000000e4f00000,0x00000000e5aad870,0x00000000e5d80000)
  to   space 15872K, 0% used [0x00000000e8600000,0x00000000e8600000,0x00000000e9580000)
 ParOldGen       total 146944K, used 32060K [0x0000000081c00000, 0x000000008ab80000, 0x00000000d5f00000)
  object space 146944K, 21% used [0x0000000081c00000,0x0000000083b4f3f0,0x000000008ab80000)
 Metaspace       used 64315K, capacity 68256K, committed 68376K, reserved 1107968K
  class space    used 8855K, capacity 9492K, committed 9520K, reserved 1048576K
}

Deoptimization events (10 events):
Event: 7.752 Thread 0x000001fe5eef7800 Uncommon trap: reason=unhandled action=none pc=0x000001fe61535194 method=java.net.URLClassLoader.findClass(Ljava/lang/String;)Ljava/lang/Class; @ 44
Event: 7.753 Thread 0x000001fe5eef7800 Uncommon trap: reason=unhandled action=none pc=0x000001fe61535194 method=java.net.URLClassLoader.findClass(Ljava/lang/String;)Ljava/lang/Class; @ 44
Event: 7.754 Thread 0x000001fe5eef7800 Uncommon trap: reason=unhandled action=none pc=0x000001fe61535194 method=java.net.URLClassLoader.findClass(Ljava/lang/String;)Ljava/lang/Class; @ 44
Event: 7.755 Thread 0x000001fe5eef7800 Uncommon trap: reason=unhandled action=none pc=0x000001fe61535194 method=java.net.URLClassLoader.findClass(Ljava/lang/String;)Ljava/lang/Class; @ 44
Event: 7.755 Thread 0x000001fe5eef7800 Uncommon trap: reason=unhandled action=none pc=0x000001fe61535194 method=java.net.URLClassLoader.findClass(Ljava/lang/String;)Ljava/lang/Class; @ 44
Event: 7.756 Thread 0x000001fe5eef7800 Uncommon trap: reason=unhandled action=none pc=0x000001fe61535194 method=java.net.URLClassLoader.findClass(Ljava/lang/String;)Ljava/lang/Class; @ 44
Event: 86.772 Thread 0x000001fe5eef7800 Uncommon trap: reason=unhandled action=none pc=0x000001fe61535194 method=java.net.URLClassLoader.findClass(Ljava/lang/String;)Ljava/lang/Class; @ 44
Event: 86.773 Thread 0x000001fe5eef7800 Uncommon trap: reason=unhandled action=none pc=0x000001fe61535194 method=java.net.URLClassLoader.findClass(Ljava/lang/String;)Ljava/lang/Class; @ 44
Event: 86.773 Thread 0x000001fe5eef7800 Uncommon trap: reason=unhandled action=none pc=0x000001fe61535194 method=java.net.URLClassLoader.findClass(Ljava/lang/String;)Ljava/lang/Class; @ 44
Event: 86.775 Thread 0x000001fe5eef7800 Uncommon trap: reason=unhandled action=none pc=0x000001fe61535194 method=java.net.URLClassLoader.findClass(Ljava/lang/String;)Ljava/lang/Class; @ 44

Classes redefined (3 events):
Event: 99.920 Thread 0x000001fe7512c800 redefined class name=com.sdc.api.repositories.ClienteRepositoryTest, count=1
Event: 165.934 Thread 0x000001fe7512c800 redefined class name=com.sdc.api.repositories.ClienteRepositoryTest, count=2
Event: 346.179 Thread 0x000001fe7512c800 redefined class name=com.sdc.api.repositories.ClienteRepositoryTest, count=3

Internal exceptions (10 events):
Event: 7.620 Thread 0x000001fe5eef7800 Exception <a 'java/lang/reflect/InvocationTargetException'> (0x00000000d6aaa7a0) thrown at [C:\jenkins\workspace\8-2-build-windows-amd64-cygwin\jdk8u271\605\hotspot\src\share\vm\runtime\reflection.cpp, line 1092]
Event: 7.621 Thread 0x000001fe5eef7800 Exception <a 'java/lang/ArrayIndexOutOfBoundsException': 50> (0x00000000d6ab4958) thrown at [C:\jenkins\workspace\8-2-build-windows-amd64-cygwin\jdk8u271\605\hotspot\src\share\vm\interpreter\interpreterRuntime.cpp, line 371]
Event: 7.638 Thread 0x000001fe5eef7800 Exception <a 'java/lang/reflect/InvocationTargetException'> (0x00000000d6f5cd70) thrown at [C:\jenkins\workspace\8-2-build-windows-amd64-cygwin\jdk8u271\605\hotspot\src\share\vm\runtime\reflection.cpp, line 1092]
Event: 7.651 Thread 0x000001fe5eef7800 Exception <a 'java/lang/ArrayIndexOutOfBoundsException': 117> (0x00000000d709ce00) thrown at [C:\jenkins\workspace\8-2-build-windows-amd64-cygwin\jdk8u271\605\hotspot\src\share\vm\interpreter\interpreterRuntime.cpp, line 371]
Event: 7.652 Thread 0x000001fe5eef7800 Exception <a 'java/lang/ArrayIndexOutOfBoundsException': 128> (0x00000000d709fad0) thrown at [C:\jenkins\workspace\8-2-build-windows-amd64-cygwin\jdk8u271\605\hotspot\src\share\vm\interpreter\interpreterRuntime.cpp, line 371]
Event: 7.654 Thread 0x000001fe5eef7800 Exception <a 'java/lang/ArrayIndexOutOfBoundsException': 129> (0x00000000d70b4208) thrown at [C:\jenkins\workspace\8-2-build-windows-amd64-cygwin\jdk8u271\605\hotspot\src\share\vm\interpreter\interpreterRuntime.cpp, line 371]
Event: 7.670 Thread 0x000001fe5eef7800 Exception <a 'java/lang/ClassNotFoundException': java/lang/ObjectCustomizer> (0x00000000d72c9a80) thrown at [C:\jenkins\workspace\8-2-build-windows-amd64-cygwin\jdk8u271\605\hotspot\src\share\vm\classfile\systemDictionary.cpp, line 212]
Event: 7.671 Thread 0x000001fe5eef7800 Exception <a 'java/lang/ArrayIndexOutOfBoundsException': 22> (0x00000000d72ccdc8) thrown at [C:\jenkins\workspace\8-2-build-windows-amd64-cygwin\jdk8u271\605\hotspot\src\share\vm\interpreter\interpreterRuntime.cpp, line 371]
Event: 7.671 Thread 0x000001fe5eef7800 Exception <a 'java/lang/ClassNotFoundException': com/sdc/api/repositories/ClienteRepositoryTestCustomizer> (0x00000000d72eebf0) thrown at [C:\jenkins\workspace\8-2-build-windows-amd64-cygwin\jdk8u271\605\hotspot\src\share\vm\classfile\systemDictionary.cpp
Event: 7.721 Thread 0x000001fe5eef7800 Exception <a 'java/lang/ClassNotFoundException': java/lang/Module> (0x00000000d77d3bf0) thrown at [C:\jenkins\workspace\8-2-build-windows-amd64-cygwin\jdk8u271\605\hotspot\src\share\vm\classfile\systemDictionary.cpp, line 212]

Events (10 events):
Event: 346.126 Executing VM operation: ChangeBreakpoints done
Event: 346.154 Executing VM operation: RedefineClasses
Event: 346.180 Executing VM operation: RedefineClasses done
Event: 346.190 Executing VM operation: ChangeBreakpoints
Event: 346.192 Executing VM operation: ChangeBreakpoints done
Event: 346.228 Executing VM operation: GetOwnedMonitorInfo
Event: 346.228 Executing VM operation: GetOwnedMonitorInfo done
Event: 346.228 Executing VM operation: GetCurrentContendedMonitor
Event: 346.228 Executing VM operation: GetCurrentContendedMonitor done
Event: 346.233 Executing VM operation: GetOrSetLocal


Dynamic libraries:
0x00007ff7684d0000 - 0x00007ff768517000 	C:\Program Files\Java\jre1.8.0_271\bin\javaw.exe
0x00007ffdd2500000 - 0x00007ffdd26f0000 	C:\Windows\SYSTEM32\ntdll.dll
0x00007ffdd0970000 - 0x00007ffdd0a22000 	C:\Windows\System32\KERNEL32.DLL
0x00007ffdcf810000 - 0x00007ffdcfab5000 	C:\Windows\System32\KERNELBASE.dll
0x00007ffdd0ce0000 - 0x00007ffdd0d83000 	C:\Windows\System32\ADVAPI32.dll
0x00007ffdd0720000 - 0x00007ffdd07be000 	C:\Windows\System32\msvcrt.dll
0x00007ffdd2030000 - 0x00007ffdd20c7000 	C:\Windows\System32\sechost.dll
0x00007ffdd0d90000 - 0x00007ffdd0eb0000 	C:\Windows\System32\RPCRT4.dll
0x00007ffdd21a0000 - 0x00007ffdd2334000 	C:\Windows\System32\USER32.dll
0x00007ffdd0410000 - 0x00007ffdd0431000 	C:\Windows\System32\win32u.dll
0x00007ffdd05b0000 - 0x00007ffdd05d6000 	C:\Windows\System32\GDI32.dll
0x00007ffdd0240000 - 0x00007ffdd03d6000 	C:\Windows\System32\gdi32full.dll
0x00007ffdcf4e0000 - 0x00007ffdcf57e000 	C:\Windows\System32\msvcp_win.dll
0x00007ffdcf580000 - 0x00007ffdcf67a000 	C:\Windows\System32\ucrtbase.dll
0x00007ffdb6aa0000 - 0x00007ffdb6d24000 	C:\Windows\WinSxS\amd64_microsoft.windows.common-controls_6595b64144ccf1df_6.0.18362.1139_none_9e7bf2d3e4605ac6\COMCTL32.dll
0x00007ffdd15b0000 - 0x00007ffdd18e5000 	C:\Windows\System32\combase.dll
0x00007ffdcf730000 - 0x00007ffdcf7b0000 	C:\Windows\System32\bcryptPrimitives.dll
0x00007ffdd2410000 - 0x00007ffdd243e000 	C:\Windows\System32\IMM32.DLL
0x00007ffdc00e0000 - 0x00007ffdc00f5000 	C:\Program Files\Java\jre1.8.0_271\bin\vcruntime140.dll
0x00007ffdc0040000 - 0x00007ffdc00db000 	C:\Program Files\Java\jre1.8.0_271\bin\msvcp140.dll
0x0000000063ce0000 - 0x000000006454f000 	C:\Program Files\Java\jre1.8.0_271\bin\server\jvm.dll
0x00007ffdd0cc0000 - 0x00007ffdd0cc8000 	C:\Windows\System32\PSAPI.DLL
0x00007ffdca430000 - 0x00007ffdca439000 	C:\Windows\SYSTEM32\WSOCK32.dll
0x00007ffdca420000 - 0x00007ffdca42a000 	C:\Windows\SYSTEM32\VERSION.dll
0x00007ffdd23a0000 - 0x00007ffdd240f000 	C:\Windows\System32\WS2_32.dll
0x00007ffdcc6a0000 - 0x00007ffdcc6c4000 	C:\Windows\SYSTEM32\WINMM.dll
0x00007ffdcc670000 - 0x00007ffdcc69d000 	C:\Windows\SYSTEM32\WINMMBASE.dll
0x00007ffdcf490000 - 0x00007ffdcf4da000 	C:\Windows\System32\cfgmgr32.dll
0x00007ffdcf450000 - 0x00007ffdcf461000 	C:\Windows\System32\kernel.appcore.dll
0x00007ffdca150000 - 0x00007ffdca160000 	C:\Program Files\Java\jre1.8.0_271\bin\verify.dll
0x00007ffdca0d0000 - 0x00007ffdca0fb000 	C:\Program Files\Java\jre1.8.0_271\bin\java.dll
0x00007ffdc0ce0000 - 0x00007ffdc0d16000 	C:\Program Files\Java\jre1.8.0_271\bin\jdwp.dll
0x00007ffdcc640000 - 0x00007ffdcc649000 	C:\Program Files\Java\jre1.8.0_271\bin\npt.dll
0x00007ffdc0cb0000 - 0x00007ffdc0ce0000 	C:\Program Files\Java\jre1.8.0_271\bin\instrument.dll
0x00007ffdc0fe0000 - 0x00007ffdc0ff8000 	C:\Program Files\Java\jre1.8.0_271\bin\zip.dll
0x00007ffdd0eb0000 - 0x00007ffdd1597000 	C:\Windows\System32\SHELL32.dll
0x00007ffdd1f80000 - 0x00007ffdd2029000 	C:\Windows\System32\shcore.dll
0x00007ffdcfac0000 - 0x00007ffdd0240000 	C:\Windows\System32\windows.storage.dll
0x00007ffdcf420000 - 0x00007ffdcf443000 	C:\Windows\System32\profapi.dll
0x00007ffdcf3d0000 - 0x00007ffdcf41a000 	C:\Windows\System32\powrprof.dll
0x00007ffdcf3c0000 - 0x00007ffdcf3d0000 	C:\Windows\System32\UMPDC.dll
0x00007ffdd2340000 - 0x00007ffdd2392000 	C:\Windows\System32\shlwapi.dll
0x00007ffdd0590000 - 0x00007ffdd05a7000 	C:\Windows\System32\cryptsp.dll
0x00007ffdca140000 - 0x00007ffdca14a000 	C:\Program Files\Java\jre1.8.0_271\bin\dt_socket.dll
0x00007ffda8f40000 - 0x00007ffda8f56000 	C:\Windows\system32\napinsp.dll
0x00007ffda8f20000 - 0x00007ffda8f3a000 	C:\Windows\system32\pnrpnsp.dll
0x00007ffdcec10000 - 0x00007ffdcec77000 	C:\Windows\System32\mswsock.dll
0x00007ffdce970000 - 0x00007ffdcea3b000 	C:\Windows\SYSTEM32\DNSAPI.dll
0x00007ffdd0cd0000 - 0x00007ffdd0cd8000 	C:\Windows\System32\NSI.dll
0x00007ffdce920000 - 0x00007ffdce95a000 	C:\Windows\SYSTEM32\IPHLPAPI.DLL
0x00007ffda8f10000 - 0x00007ffda8f1e000 	C:\Windows\System32\winrnr.dll
0x00007ffdcafc0000 - 0x00007ffdcafdc000 	C:\Windows\system32\NLAapi.dll
0x00007ffda8ef0000 - 0x00007ffda8f05000 	C:\Windows\system32\wshbth.dll
0x00007ffdc6b50000 - 0x00007ffdc6bc7000 	C:\Windows\System32\fwpuclnt.dll
0x00007ffdd03e0000 - 0x00007ffdd0406000 	C:\Windows\System32\bcrypt.dll
0x00007ffdc5580000 - 0x00007ffdc558a000 	C:\Windows\System32\rasadhlp.dll
0x00007ffdc0fc0000 - 0x00007ffdc0fdc000 	C:\Program Files\Java\jre1.8.0_271\bin\net.dll
0x00007ffdc0fa0000 - 0x00007ffdc0fb3000 	C:\Program Files\Java\jre1.8.0_271\bin\nio.dll
0x00007ffdca0c0000 - 0x00007ffdca0cd000 	C:\Program Files\Java\jre1.8.0_271\bin\management.dll
0x00007ffdc0010000 - 0x00007ffdc0034000 	C:\Program Files\Java\jre1.8.0_271\bin\sunec.dll
0x00007ffdc73e0000 - 0x00007ffdc73f6000 	C:\Windows\SYSTEM32\dhcpcsvc6.DLL
0x00007ffdc7350000 - 0x00007ffdc736c000 	C:\Windows\SYSTEM32\dhcpcsvc.DLL
0x00007ffdce780000 - 0x00007ffdce7b3000 	C:\Windows\system32\rsaenh.dll
0x00007ffdcf2a0000 - 0x00007ffdcf2c5000 	C:\Windows\SYSTEM32\USERENV.dll
0x00007ffdcede0000 - 0x00007ffdcedec000 	C:\Windows\SYSTEM32\CRYPTBASE.dll
0x00007ffdc9e10000 - 0x00007ffdc9e1d000 	C:\Program Files\Java\jre1.8.0_271\bin\sunmscapi.dll
0x00007ffdd0440000 - 0x00007ffdd0589000 	C:\Windows\System32\CRYPT32.dll
0x00007ffdcf470000 - 0x00007ffdcf482000 	C:\Windows\System32\MSASN1.dll
0x00007ffdceee0000 - 0x00007ffdcef06000 	C:\Windows\SYSTEM32\ncrypt.dll
0x00007ffdceea0000 - 0x00007ffdceedb000 	C:\Windows\SYSTEM32\NTASN1.dll
0x00007ffdcdd90000 - 0x00007ffdcdf84000 	C:\Windows\SYSTEM32\dbghelp.dll

VM Arguments:
jvm_args: -agentlib:jdwp=transport=dt_socket,suspend=y,address=localhost:62863 -ea -javaagent:C:\Users\luiz0\Documents\sts-4.7.1.RELEASE\configuration\org.eclipse.osgi\248\0\.cp\lib\javaagent-shaded.jar -Dfile.encoding=UTF-8 
java_command: org.eclipse.jdt.internal.junit.runner.RemoteTestRunner -version 3 -port 62862 -testLoaderClass org.eclipse.jdt.internal.junit5.runner.JUnit5TestLoader -loaderpluginname org.eclipse.jdt.junit5.runtime -classNames com.sdc.api.repositories.ClienteRepositoryTest
java_class_path (initial): C:\Users\luiz0\Documents\workspace-spring-tool-suite-4-4.7.1.RELEASE\sdc-master\target\test-classes;C:\Users\luiz0\Documents\workspace-spring-tool-suite-4-4.7.1.RELEASE\sdc-master\target\classes;C:\Users\luiz0\Documents\sts-4.7.1.RELEASE\plugins\org.junit_4.13.0.v20200204-1500.jar;C:\Users\luiz0\Documents\sts-4.7.1.RELEASE\plugins\org.hamcrest.core_1.3.0.v20180420-1519.jar;C:\Users\luiz0\.m2\repository\org\springframework\boot\spring-boot-starter\2.3.4.RELEASE\spring-boot-starter-2.3.4.RELEASE.jar;C:\Users\luiz0\.m2\repository\org\springframework\boot\spring-boot\2.3.4.RELEASE\spring-boot-2.3.4.RELEASE.jar;C:\Users\luiz0\.m2\repository\org\springframework\spring-context\5.2.9.RELEASE\spring-context-5.2.9.RELEASE.jar;C:\Users\luiz0\.m2\repository\org\springframework\boot\spring-boot-autoconfigure\2.3.4.RELEASE\spring-boot-autoconfigure-2.3.4.RELEASE.jar;C:\Users\luiz0\.m2\repository\org\springframework\boot\spring-boot-starter-logging\2.3.4.RELEASE\spring-boot-starter-logging-2.3.4.RELEASE.jar;C:\Users\luiz0\.m2\repository\ch\qos\logback\logback-classic\1.2.3\logback-classic-1.2.3.jar;C:\Users\luiz0\.m2\repository\ch\qos\logback\logback-core\1.2.3\logback-core-1.2.3.jar;C:\Users\luiz0\.m2\repository\org\apache\logging\log4j\log4j-to-slf4j\2.13.3\log4j-to-slf4j-2.13.3.jar;C:\Users\luiz0\.m2\repository\org\apache\logging\log4j\log4j-api\2.13.3\log4j-api-2.13.3.jar;C:\Users\luiz0\.m2\repository\org\slf4j\jul-to-slf4j\1.7.30\jul-to-slf4j-1.7.30.jar;C:\Users\luiz0\.m2\repository\jakarta\annotation\jakarta.annotation-api\1.3.5\jakarta.annotation-api-1.3.5.jar;C:\Users\luiz0\.m2\repository\org\springframework\spring-core\5.2.9.RELEASE\spring-core-5.2.9.RELEASE.jar;C:\Users\luiz0\.m2\repository\org\springframework\spring-jcl\5.2.9.RELEASE\spring-jcl-5.2.9.RELEASE.jar;C:\Users\luiz0\.m2\repository\org\yaml\snakeyaml\1.26\snakeyaml-1.26.jar;C:\Users\luiz0\.m2\repository\org\springframework\boot\spring-boot-devtools\2.3.4.RELEASE\spring-boot-devtool
Launcher Type: SUN_STANDARD

Environment Variables:
PATH=C:/Program Files/Java/jre1.8.0_271/bin/server;C:/Program Files/Java/jre1.8.0_271/bin;C:/Program Files/Java/jre1.8.0_271/lib/amd64;C:\Program Files (x86)\Common Files\Oracle\Java\javapath;C:\Windows\system32;C:\Windows;C:\Windows\System32\Wbem;C:\Windows\System32\WindowsPowerShell\v1.0\;C:\Windows\System32\OpenSSH\;C:\Program Files (x86)\NVIDIA Corporation\PhysX\Common;C:\Program Files\NVIDIA Corporation\NVIDIA NvDLISR;C:\Program Files\Microsoft SQL Server\Client SDK\ODBC\170\Tools\Binn\;C:\Program Files (x86)\Microsoft SQL Server\150\Tools\Binn\;C:\Program Files\Microsoft SQL Server\150\Tools\Binn\;C:\Program Files\Microsoft SQL Server\150\DTS\Binn\;C:\Program Files\Microsoft SQL Server\130\Tools\Binn\;C:\Program Files (x86)\Sysinternals Suite;C:\Program Files\Java\jdk1.8.0_261\bin;C:\ProgramData\chocolatey\bin;C:\Program Files\nodejs\;C:\Program Files\Git\cmd;C:\Program Files\dotnet\;C:\Users\luiz0\AppData\Local\Microsoft\WindowsApps;C:\Users\luiz0\AppData\Roaming\npm;C:\Users\luiz0\AppData\Local\Programs\Microsoft VS Code\bin;C:\Users\luiz0\.dotnet\tools;C:\Users\luiz0\Documents\sts-4.7.1.RELEASE;
USERNAME=luiz0
OS=Windows_NT
PROCESSOR_IDENTIFIER=Intel64 Family 6 Model 142 Stepping 12, GenuineIntel



---------------  S Y S T E M  ---------------

OS: Windows 10.0 , 64 bit Build 18362 (10.0.18362.1110)

CPU:total 8 (initial active 8) (4 cores per cpu, 2 threads per core) family 6 model 142 stepping 12, cmov, cx8, fxsr, mmx, sse, sse2, sse3, ssse3, sse4.1, sse4.2, popcnt, avx, avx2, aes, clmul, erms, 3dnowpref, lzcnt, ht, tsc, tscinvbit, bmi1, bmi2, adx

Memory: 4k page, physical 8265972k(2316256k free), swap 14228860k(4634112k free)

vm_info: Java HotSpot(TM) 64-Bit Server VM (25.271-b09) for windows-amd64 JRE (1.8.0_271-b09), built on Sep 16 2020 19:14:59 by "" with MS VC++ 15.9 (VS2017)

time: Sun Nov  8 23:08:59 2020
timezone: Hora oficial do Brasil
elapsed time: 346.394355 seconds (0d 0h 5m 46s)

